\BOOKMARK [0][-]{chapter*.1}{Acknowledgements}{}% 1
\BOOKMARK [0][-]{chapter*.2}{Abstract}{}% 2
\BOOKMARK [0][-]{chapter*.5}{Introduction}{}% 3
\BOOKMARK [0][-]{chapter.1}{Quantum Simulations: An Overview}{}% 4
\BOOKMARK [1][-]{section.1.1}{Digital Quantum Simulations \(DQS\)}{chapter.1}% 5
\BOOKMARK [1][-]{section.1.2}{Analog Quantum Simulations \(AQS\)}{chapter.1}% 6
\BOOKMARK [1][-]{section.1.3}{ Quantum-Information-Inspired Algorithms for Classical Simulation of Quantum Systems }{chapter.1}% 7
\BOOKMARK [0][-]{chapter.2}{Neutrino Oscillation}{}% 8
\BOOKMARK [1][-]{section.2.1}{Neutrino Flavour Oscillation in Vacuum}{chapter.2}% 9
\BOOKMARK [2][-]{subsection.2.1.1}{Theory of Flavour Oscillations}{section.2.1}% 10
\BOOKMARK [0][-]{chapter.3}{Entanglement in Neutrino Oscillations}{}% 11
\BOOKMARK [1][-]{section.3.1}{Single Particle Entanglement}{chapter.3}% 12
\BOOKMARK [1][-]{section.3.2}{Entanglement in Neutrinos}{chapter.3}% 13
\BOOKMARK [1][-]{section.3.3}{Entaglement Measurement}{chapter.3}% 14
\BOOKMARK [2][-]{subsection.3.3.1}{Pure and Mixed States}{section.3.3}% 15
\BOOKMARK [1][-]{section.3.4}{Entanglement Entropy}{chapter.3}% 16
\BOOKMARK [1][-]{section.3.5}{Measurement of Entanglement in Neutrinos}{chapter.3}% 17
\BOOKMARK [0][-]{chapter.4}{Neutrino Oscillation in a quantum processor}{}% 18
\BOOKMARK [1][-]{section.4.1}{Simulation of Two Flavour Oscillation}{chapter.4}% 19
\BOOKMARK [1][-]{section.4.2}{Simulation of Three Flavour Neutrino Oscillation}{chapter.4}% 20
\BOOKMARK [1][-]{section.4.3}{Measuring Entanglement Using Simulation}{chapter.4}% 21
\BOOKMARK [0][-]{chapter.5}{Simulation Results}{}% 22
\BOOKMARK [1][-]{section.5.1}{Two Flavour Oscillations: Simulation Results}{chapter.5}% 23
\BOOKMARK [2][-]{subsection.5.1.1}{Simulation Using QASM Simulator}{section.5.1}% 24
\BOOKMARK [2][-]{subsection.5.1.2}{Simulation Using IBM Quantum Computer}{section.5.1}% 25
\BOOKMARK [2][-]{subsection.5.1.3}{Entanglement Studies}{section.5.1}% 26
\BOOKMARK [1][-]{section.5.2}{Three Flavour Oscillation: Simulation Results}{chapter.5}% 27
\BOOKMARK [2][-]{subsection.5.2.1}{Simulation Using QASM Simulator}{section.5.2}% 28
\BOOKMARK [2][-]{subsection.5.2.2}{Simulation Using IBM Quantum Computer}{section.5.2}% 29
\BOOKMARK [2][-]{subsection.5.2.3}{Entanglement Studies}{section.5.2}% 30
\BOOKMARK [0][-]{chapter*.9}{Conclusion and Overview}{}% 31
